<?xml version="1.0" encoding="UTF-8"?>
<!-- Generated by org.testng.reporters.JUnitReportReporter -->
<testsuite hostname="DESKTOP-OU6570N" failures="0" tests="4" name="com.qa.test.HomePageTest" time="106.480" errors="0" timestamp="2021-12-19T18:02:11 IST" skipped="0">
  <testcase classname="com.qa.test.HomePageTest" name="verifyHomePageTiltetest" time="21.988"/>
  <system-out/>
  <testcase classname="com.qa.test.HomePageTest" name="verifyLoginLinkTest" time="33.734"/>
  <system-out/>
  <testcase classname="com.qa.test.HomePageTest" name="emailTextTest" time="23.063"/>
  <system-out/>
  <testcase classname="com.qa.test.HomePageTest" name="clickonResistationlinkHomepage" time="27.695"/>
  <system-out/>
</testsuite> <!-- com.qa.test.HomePageTest -->
