<?xml version="1.0" encoding="UTF-8"?>
<!-- Generated by org.testng.reporters.JUnitReportReporter -->
<testsuite hostname="DESKTOP-OU6570N" failures="0" tests="1" name="com.practice.test.extendreport.ExtendReortDemo" time="17.639" errors="0" timestamp="2021-12-16T12:23:00 IST" skipped="0">
  <testcase classname="com.practice.test.extendreport.ExtendReortDemo" name="initialialDemo" time="17.639"/>
  <system-out/>
</testsuite> <!-- com.practice.test.extendreport.ExtendReortDemo -->
